<?xml version="1.0" encoding="UTF-8"?>
<testng-results ignored="0" total="1" passed="1" failed="0" skipped="0">
  <reporter-output>
  </reporter-output>
  <suite started-at="2024-03-20T18:32:18 IST" name="Suite" finished-at="2024-03-20T18:32:23 IST" duration-ms="4756">
    <groups>
    </groups>
    <test started-at="2024-03-20T18:32:18 IST" name="Test" finished-at="2024-03-20T18:32:23 IST" duration-ms="4756">
      <class name="demo.democlass">
        <test-method signature="greencart_Product()[pri:0, instance:demo.democlass@36916eb0]" started-at="2024-03-20T18:32:18 IST" name="greencart_Product" finished-at="2024-03-20T18:32:23 IST" duration-ms="4718" status="PASS">
          <reporter-output>
          </reporter-output>
        </test-method> <!-- greencart_Product -->
      </class> <!-- demo.democlass -->
    </test> <!-- Test -->
  </suite> <!-- Suite -->
</testng-results>
